{"message":"Unauthorized request to path: /","level":"error"}
{"message":"Unauthorized request to path: /","level":"error"}
{"message":"Unauthorized request to path: /","level":"error"}
{"message":"Unauthorized request to path: /recipes/public","level":"error"}
{"message":"Unauthorized request to path: /","level":"error"}
{"message":"Unauthorized request to path: /recipes/public","level":"error"}
{"message":"Unauthorized request to path: /recipes/public","level":"error"}
{"message":"Unauthorized request to path: /","level":"error"}
{"message":"Unauthorized request to path: /recipes/public","level":"error"}
{"message":"Unauthorized request to path: /recipes/public","level":"error"}
{"message":"Unauthorized request to path: /","level":"error"}
{"message":"Unauthorized request to path: /","level":"error"}
{"message":"Unauthorized request to path: /","level":"error"}
{"message":"Unauthorized request to path: /","level":"error"}
{"message":"Unauthorized request to path: /","level":"error"}
{"message":"Unauthorized request to path: /","level":"error"}
{"message":"Unauthorized request to path: /one-time","level":"error"}
{"message":"fetch is not defined","level":"error"}
{"message":"Unauthorized request to path: /one-time","level":"error"}
{"message":"Unauthorized request to path: /one-time","level":"error"}
{"message":"Cannot read property 'categories' of undefined","level":"error"}
{"message":"Unauthorized request to path: /one-time","level":"error"}
{"message":"Cannot read property 'meals' of undefined","level":"error"}
{"message":"Unauthorized request to path: /one-time","level":"error"}
{"message":"Unauthorized request to path: /one-time","level":"error"}
{"message":"Unauthorized request to path: /one-time","level":"error"}
{"message":"Unauthorized request to path: /one-time","level":"error"}
{"message":"Unauthorized request to path: /one-time","level":"error"}
{"message":"Unauthorized request to path: /one-time","level":"error"}
{"message":"Unauthorized request to path: /one-time","level":"error"}
{"message":"Unauthorized request to path: /one-time","level":"error"}
{"message":"Unauthorized request to path: /one-time","level":"error"}
{"message":"Unauthorized request to path: /one-time","level":"error"}
{"message":"Unauthorized request to path: /one-time","level":"error"}
{"message":"Unauthorized request to path: /one-time","level":"error"}
{"message":"Unauthorized request to path: /one-time","level":"error"}
{"message":"Unauthorized request to path: /one-time","level":"error"}
{"message":"Cannot read property 'categories' of undefined","level":"error"}
{"message":"Unauthorized request to path: /one-time","level":"error"}
{"message":"Unauthorized request to path: /one-time","level":"error"}
{"message":"Unauthorized request to path: /one-time","level":"error"}
{"message":"Unauthorized request to path: /one-time","level":"error"}
{"message":"Unauthorized request to path: /one-time","level":"error"}
{"message":"Unauthorized request to path: /one-time","level":"error"}
{"message":"Unauthorized request to path: /one-time","level":"error"}
{"message":"Unauthorized request to path: /","level":"error"}
{"message":"Unauthorized request to path: /recipes/public","level":"error"}
{"message":"Unauthorized request to path: /recipes/public","level":"error"}
{"message":"Unauthorized request to path: /one-time","level":"error"}
{"message":"Unauthorized request to path: /one-time","level":"error"}
{"message":"Unauthorized request to path: /one-time","level":"error"}
{"message":"Unauthorized request to path: /one-time","level":"error"}
{"message":"Unauthorized request to path: /one-time","level":"error"}
{"message":"Unauthorized request to path: /one-time","level":"error"}
{"message":"Unauthorized request to path: /one-time","level":"error"}
{"message":"Unauthorized request to path: /one-time","level":"error"}
{"message":"Unauthorized request to path: /one-time","level":"error"}
{"message":"Unauthorized request to path: /one-time","level":"error"}
{"message":"Unauthorized request to path: /one-time","level":"error"}
{"message":"Unauthorized request to path: /one-time","level":"error"}
{"message":"Unauthorized request to path: /","level":"error"}
{"message":"Unauthorized request to path: /","level":"error"}
{"message":"Unauthorized request to path: /recipes/public","level":"error"}
{"message":"Unauthorized request to path: /recipes/public","level":"error"}
{"message":"Unauthorized request to path: /recipes/1","level":"error"}
{"message":"Unauthorized request to path: /","level":"error"}
{"message":"Unauthorized request to path: /recipes/public","level":"error"}
{"message":"Unauthorized request to path: /recipes/public","level":"error"}
{"message":"Unauthorized request to path: /recipes/public","level":"error"}
{"message":"Unauthorized request to path: /recipes/1","level":"error"}
{"message":"Unauthorized request to path: /","level":"error"}
{"message":"Unauthorized request to path: /recipes/public","level":"error"}
{"message":"Unauthorized request to path: /recipes/public","level":"error"}
{"message":"Unauthorized request to path: /recipes/public","level":"error"}
{"message":"Unauthorized request to path: /recipes/1","level":"error"}
{"message":"Unauthorized request to path: /","level":"error"}
{"message":"Unauthorized request to path: /recipes/public","level":"error"}
{"message":"Unauthorized request to path: /recipes/public","level":"error"}
{"message":"Unauthorized request to path: /recipes/public","level":"error"}
{"message":"Unauthorized request to path: /recipes/1","level":"error"}
{"message":"Unauthorized request to path: /","level":"error"}
{"message":"Unauthorized request to path: /recipes/public","level":"error"}
{"message":"Unauthorized request to path: /recipes/public","level":"error"}
{"message":"Unauthorized request to path: /recipes/public","level":"error"}
{"message":"Unauthorized request to path: /recipes/1","level":"error"}
{"message":"Unauthorized request to path: /recipes/1","level":"error"}
{"message":"Unauthorized request to path: /meal-db-recipe/52980","level":"error"}
{"message":"Unauthorized request to path: /meal-db-recipe/random","level":"error"}
{"message":"Unauthorized request to path: /meal-db-recipe/random","level":"error"}
{"message":"Unauthorized request to path: /meal-db-recipe/random","level":"error"}
{"message":"Unauthorized request to path: /meal-db-recipe/39280","level":"error"}
{"message":"Unauthorized request to path: /meal-db-recipe/52980","level":"error"}
{"message":"Unauthorized request to path: /meal-db-recipe/random","level":"error"}
{"message":"Unauthorized request to path: /meal-db-recipe/random","level":"error"}
{"message":"Unauthorized request to path: /meal-db-recipe/random","level":"error"}
{"message":"Unauthorized request to path: /meal-db-recipe/random","level":"error"}
{"message":"Unauthorized request to path: /meal-db-recipe/random","level":"error"}
{"message":"Unauthorized request to path: /meal-db-recipe/random","level":"error"}
{"message":"Unauthorized request to path: /meal-db-recipe/random","level":"error"}
{"message":"Unauthorized request to path: /meal-db-recipe/52980","level":"error"}
{"message":"Unauthorized request to path: /meal-db-recipe/random","level":"error"}
{"message":"Unauthorized request to path: /meal-db-recipe/random","level":"error"}
{"message":"Unauthorized request to path: /meal-db-recipe/random","level":"error"}
{"message":"Unauthorized request to path: /meal-db-recipe/random","level":"error"}
{"message":"Unauthorized request to path: /meal-db-recipe/random","level":"error"}
{"message":"Unauthorized request to path: /meal-db-recipe/random","level":"error"}
{"message":"Unauthorized request to path: /meal-db-recipe/random","level":"error"}
{"message":"Unauthorized request to path: /meal-db-one-time","level":"error"}
{"message":"Unauthorized request to path: /meal-db-recipe-random","level":"error"}
{"message":"Unauthorized request to path: /meal-db-recipe-random","level":"error"}
{"message":"Unauthorized request to path: /meal-db-recipe-random","level":"error"}
{"message":"Unauthorized request to path: /meal-db-recipe-random","level":"error"}
{"message":"Unauthorized request to path: /meal-db-recipe-random","level":"error"}
{"message":"Unauthorized request to path: /meal-db-recipe-random","level":"error"}
{"message":"Unauthorized request to path: /meal-db-recipe-random","level":"error"}
{"message":"Unauthorized request to path: /meal-db-recipe-random","level":"error"}
{"message":"Unauthorized request to path: /meal-db-search-ingredients","level":"error"}
{"message":"Unauthorized request to path: /meal-db-search-ingredients","level":"error"}
{"message":"Unauthorized request to path: /meal-db-search-ingredients","level":"error"}
{"message":"Unauthorized request to path: /meal-db-search-ingredients/chicken","level":"error"}
{"message":"Unauthorized request to path: /meal-db-search-ingredients/chicken%2Crice","level":"error"}
{"message":"Unauthorized request to path: /meal-db-search-ingredients/chicken%2Crice","level":"error"}
{"message":"Unauthorized request to path: /meal-db-search-ingredients/chicken%2Crice","level":"error"}
{"message":"Unauthorized request to path: /meal-db-search-ingredients/chicken%2Crice","level":"error"}
{"message":"Unauthorized request to path: /meal-db-search-ingredients/chicken%2Crice","level":"error"}
{"message":"Unauthorized request to path: /meal-db-search-category/beef","level":"error"}
{"message":"Unauthorized request to path: /meal-db-search-cuisine/american","level":"error"}
{"message":"Unauthorized request to path: /meal-db-search-cuisine/American","level":"error"}
{"message":"Unauthorized request to path: /meal-db-one-time","level":"error"}
{"message":"Unauthorized request to path: /meal-db-search-cuisine/Thai","level":"error"}
{"message":"Unauthorized request to path: /meal-db-search-cuisine/Thai","level":"error"}
{"message":"Unauthorized request to path: /meal-db-search-cuisine/Thai","level":"error"}
{"message":"Unauthorized request to path: /meal-db-search-cuisine/Thai","level":"error"}
{"message":"Unauthorized request to path: /meal-db-search-cuisine/Thai","level":"error"}
{"message":"Unauthorized request to path: /meal-db-search-cuisine/Thai","level":"error"}
{"message":"Unauthorized request to path: /meal-db-search-cuisine/Thai","level":"error"}
{"message":"Unauthorized request to path: /meal-db-search-category/beef","level":"error"}
{"message":"Unauthorized request to path: /","level":"error"}
{"message":"Unauthorized request to path: /recipes/public","level":"error"}
{"message":"Unauthorized request to path: /recipes/public","level":"error"}
{"message":"Unauthorized request to path: /recipes/public","level":"error"}
{"message":"Unauthorized request to path: /recipes/1","level":"error"}
{"message":"Unauthorized request to path: /recipes/1","level":"error"}
{"message":"Unauthorized request to path: /","level":"error"}
{"message":"Unauthorized request to path: /recipes/public","level":"error"}
{"message":"Unauthorized request to path: /recipes/public","level":"error"}
{"message":"Unauthorized request to path: /recipes/public","level":"error"}
{"message":"Unauthorized request to path: /recipes/1","level":"error"}
{"message":"Unauthorized request to path: /recipes/1","level":"error"}
{"message":"Unauthorized request to path: /recipes/1","level":"error"}
{"message":"Unauthorized request to path: /","level":"error"}
{"message":"Unauthorized request to path: /recipes/public","level":"error"}
{"message":"Unauthorized request to path: /recipes/public","level":"error"}
{"message":"Unauthorized request to path: /recipes/public","level":"error"}
{"message":"Unauthorized request to path: /recipes/1","level":"error"}
{"message":"Unauthorized request to path: /recipes/1","level":"error"}
{"message":"Unauthorized request to path: /recipes/1","level":"error"}
{"message":"Unauthorized request to path: /recipes/1","level":"error"}
{"message":"Unauthorized request to path: /","level":"error"}
{"message":"Unauthorized request to path: /recipes/public","level":"error"}
{"message":"Unauthorized request to path: /recipes/public","level":"error"}
{"message":"Unauthorized request to path: /recipes/public","level":"error"}
{"message":"Unauthorized request to path: /recipes/1","level":"error"}
{"message":"Unauthorized request to path: /recipes/1","level":"error"}
{"message":"Unauthorized request to path: /recipes/1","level":"error"}
{"message":"Unauthorized request to path: /recipes/1","level":"error"}
{"message":"Recipe with id 1 deleted.","level":"info"}
{"message":"Unauthorized request to path: /","level":"error"}
{"message":"Unauthorized request to path: /recipes/public","level":"error"}
{"message":"Unauthorized request to path: /recipes/public","level":"error"}
{"message":"Unauthorized request to path: /recipes/public","level":"error"}
{"message":"Unauthorized request to path: /recipes/1","level":"error"}
{"message":"Unauthorized request to path: /recipes/1","level":"error"}
{"message":"Unauthorized request to path: /recipes/1","level":"error"}
{"message":"Unauthorized request to path: /recipes/1","level":"error"}
{"message":"Recipe with id 1 deleted.","level":"info"}
{"message":"Unauthorized request to path: /","level":"error"}
{"message":"Unauthorized request to path: /recipes/public","level":"error"}
{"message":"Unauthorized request to path: /recipes/public","level":"error"}
{"message":"Unauthorized request to path: /recipes/public","level":"error"}
{"message":"Unauthorized request to path: /recipes/1","level":"error"}
{"message":"Unauthorized request to path: /recipes/1","level":"error"}
{"message":"Unauthorized request to path: /recipes/1","level":"error"}
{"message":"Unauthorized request to path: /recipes/1","level":"error"}
{"message":"Recipe with id 1 deleted.","level":"info"}
{"message":"Unauthorized request to path: /","level":"error"}
{"message":"Unauthorized request to path: /recipes/public","level":"error"}
{"message":"Unauthorized request to path: /cookbooks/public","level":"error"}
{"message":"Unauthorized request to path: /recipes/public","level":"error"}
{"message":"Unauthorized request to path: /recipes/public","level":"error"}
{"message":"Unauthorized request to path: /recipes/1","level":"error"}
{"message":"Unauthorized request to path: /recipes/1","level":"error"}
{"message":"Unauthorized request to path: /recipes/1","level":"error"}
{"message":"Unauthorized request to path: /recipes/1","level":"error"}
{"message":"Recipe with id 1 deleted.","level":"info"}
{"message":"Unauthorized request to path: /","level":"error"}
{"message":"Unauthorized request to path: /recipes/public","level":"error"}
{"message":"Unauthorized request to path: /cookbooks/public","level":"error"}
{"message":"Unauthorized request to path: /recipes/public","level":"error"}
{"message":"Unauthorized request to path: /recipes/public","level":"error"}
{"message":"Unauthorized request to path: /recipes/1","level":"error"}
{"message":"Unauthorized request to path: /recipes/1","level":"error"}
{"message":"Unauthorized request to path: /recipes/1","level":"error"}
{"message":"Unauthorized request to path: /recipes/1","level":"error"}
{"message":"Recipe with id 1 deleted.","level":"info"}
{"message":"Unauthorized request to path: /cookbooks/public","level":"error"}
{"message":"Unauthorized request to path: /cookbooks/public","level":"error"}
{"message":"Unauthorized request to path: /","level":"error"}
{"message":"Unauthorized request to path: /recipes/public","level":"error"}
{"message":"Unauthorized request to path: /cookbooks/public","level":"error"}
{"message":"Unauthorized request to path: /recipes/public","level":"error"}
{"message":"Unauthorized request to path: /recipes/public","level":"error"}
{"message":"Unauthorized request to path: /recipes/1","level":"error"}
{"message":"Unauthorized request to path: /recipes/1","level":"error"}
{"message":"Unauthorized request to path: /recipes/1","level":"error"}
{"message":"Unauthorized request to path: /recipes/1","level":"error"}
{"message":"Recipe with id 1 deleted.","level":"info"}
{"message":"Unauthorized request to path: /cookbooks/public","level":"error"}
{"message":"Unauthorized request to path: /cookbooks/public","level":"error"}
{"message":"Unauthorized request to path: /api/","level":"error"}
{"message":"Unauthorized request to path: /api/","level":"error"}
{"message":"Unauthorized request to path: /api/","level":"error"}
{"message":"Unauthorized request to path: /api/meal-db-one-time","level":"error"}
{"message":"Unauthorized request to path: /api/meal-db-one-time","level":"error"}
{"message":"Unauthorized request to path: /api/meal-db-one-time","level":"error"}
{"message":"Unauthorized request to path: /api/meal-db-one-time","level":"error"}
{"message":"Unauthorized request to path: /api/meal-db-one-time","level":"error"}
{"message":"Unauthorized request to path: /api/meal-db-one-time","level":"error"}
{"message":"Unauthorized request to path: /api/meal-db-one-time","level":"error"}
{"message":"Unauthorized request to path: /api/meal-db-one-time","level":"error"}
{"message":"Unauthorized request to path: /api/meal-db-one-time","level":"error"}
{"message":"Unauthorized request to path: /api/meal-db-one-time","level":"error"}
{"message":"Unauthorized request to path: /api/meal-db-one-time","level":"error"}
{"message":"Unauthorized request to path: /api/meal-db-one-time","level":"error"}
{"message":"Unauthorized request to path: /api/meal-db-one-time","level":"error"}
{"message":"Unauthorized request to path: /api/meal-db-one-time","level":"error"}
{"message":"Unauthorized request to path: /api/meal-db-one-time","level":"error"}
{"message":"Unauthorized request to path: /api/meal-db-one-time","level":"error"}
{"message":"Unauthorized request to path: /api/meal-db-one-time","level":"error"}
{"message":"Unauthorized request to path: /api/meal-db-one-time","level":"error"}
{"message":"Unauthorized request to path: /api/meal-db-one-time","level":"error"}
{"message":"Unauthorized request to path: /api/meal-db-one-time","level":"error"}
{"message":"Unauthorized request to path: /api/meal-db-one-time","level":"error"}
{"message":"Unauthorized request to path: /api/meal-db-one-time","level":"error"}
{"message":"Unauthorized request to path: /api/meal-db-one-time","level":"error"}
{"message":"Unauthorized request to path: /api/meal-db-one-time","level":"error"}
{"message":"Unauthorized request to path: /api/meal-db-one-time","level":"error"}
{"message":"Unauthorized request to path: /api/meal-db-one-time","level":"error"}
{"message":"Unauthorized request to path: /api/meal-db-one-time","level":"error"}
{"message":"Unauthorized request to path: /api/meal-db-one-time","level":"error"}
{"message":"Unauthorized request to path: /","level":"error"}
{"message":"Unauthorized request to path: /recipes/public","level":"error"}
{"message":"Unauthorized request to path: /cookbooks/public","level":"error"}
{"message":"Unauthorized request to path: /recipes/public","level":"error"}
{"message":"Unauthorized request to path: /recipes/public","level":"error"}
{"message":"Unauthorized request to path: /recipes/1","level":"error"}
{"message":"Unauthorized request to path: /recipes/1","level":"error"}
{"message":"Unauthorized request to path: /recipes/1","level":"error"}
{"message":"Unauthorized request to path: /recipes/1","level":"error"}
{"message":"Unauthorized request to path: /cookbooks/public","level":"error"}
{"message":"Unauthorized request to path: /cookbooks/public","level":"error"}
{"message":"Unauthorized request to path: /","level":"error"}
{"message":"Unauthorized request to path: /recipes/public","level":"error"}
{"message":"Unauthorized request to path: /cookbooks/public","level":"error"}
{"message":"Unauthorized request to path: /recipes/public","level":"error"}
{"message":"Unauthorized request to path: /recipes/public","level":"error"}
{"message":"Unauthorized request to path: /recipes/1","level":"error"}
{"message":"Unauthorized request to path: /recipes/1","level":"error"}
{"message":"Unauthorized request to path: /recipes/1","level":"error"}
{"message":"Unauthorized request to path: /recipes/1","level":"error"}
{"message":"Recipe with id 1 deleted.","level":"info"}
{"message":"Unauthorized request to path: /cookbooks/public","level":"error"}
{"message":"Unauthorized request to path: /cookbooks/public","level":"error"}
{"message":"Unauthorized request to path: /api/meal-db-one-time","level":"error"}
{"message":"Unauthorized request to path: /api/meal-db-one-time","level":"error"}
{"message":"Unauthorized request to path: /api/meal-db-one-time","level":"error"}
{"message":"Unauthorized request to path: /api/meal-db-one-time","level":"error"}
{"message":"Unauthorized request to path: /api/meal-db-one-time","level":"error"}
{"message":"Unauthorized request to path: /api/meal-db-one-time","level":"error"}
{"message":"Unauthorized request to path: /api/meal-db-one-time","level":"error"}
{"message":"Unauthorized request to path: /api/meal-db-one-time","level":"error"}
{"message":"Unauthorized request to path: /api/meal-db-one-time","level":"error"}
{"message":"Unauthorized request to path: /api/meal-db-one-time","level":"error"}
{"message":"Unauthorized request to path: /api/meal-db-one-time","level":"error"}
{"message":"Unauthorized request to path: /api/meal-db-one-time","level":"error"}
{"message":"Unauthorized request to path: /api/meal-db-one-time","level":"error"}
{"message":"Unauthorized request to path: /api/meal-db-one-time","level":"error"}
{"message":"Unauthorized request to path: /api/meal-db-one-time","level":"error"}
{"message":"Unauthorized request to path: /api/meal-db-one-time","level":"error"}
{"message":"Unauthorized request to path: /api/meal-db-one-time","level":"error"}
{"message":"Unauthorized request to path: /api/meal-db-one-time","level":"error"}
{"message":"Unauthorized request to path: /api/meal-db-one-time","level":"error"}
{"message":"Unauthorized request to path: /api/meal-db-one-time","level":"error"}
{"message":"Unauthorized request to path: /api/meal-db-one-time","level":"error"}
{"message":"Recipe with id 1 deleted.","level":"info"}
{"message":"cookbook_name is not defined","level":"error"}
{"message":"Cannot read property 'cookbook_name' of undefined","level":"error"}
{"message":"Cannot read property 'cookbook_name' of undefined","level":"error"}
{"message":"client test cookbook is required","level":"error"}
{"message":"client test cookbook is required","level":"error"}
{"message":"field is not defined","level":"error"}
{"message":"Cookbook with id 100 created","level":"info"}
{"message":"insert into \"wfd_cookbooks\" (\"cookbook_id\", \"cookbook_name\", \"cookbook_owner\", \"cookbook_public\") values ($1, $2, $3, $4) returning * - duplicate key value violates unique constraint \"wfd_cookbooks_pkey\"","level":"error"}
{"message":"insert into \"wfd_cookbooks\" (\"cookbook_id\", \"cookbook_name\", \"cookbook_owner\", \"cookbook_public\") values ($1, $2, $3, $4) returning * - invalid input syntax for type integer: \"\"","level":"error"}
{"message":"insert into \"wfd_cookbooks\" (\"cookbook_name\", \"cookbook_owner\", \"cookbook_public\") values ($1, $2, $3) returning * - duplicate key value violates unique constraint \"wfd_cookbooks_pkey\"","level":"error"}
{"message":"insert into \"wfd_cookbooks\" (\"cookbook_name\", \"cookbook_owner\", \"cookbook_public\") values ($1, $2, $3) returning * - duplicate key value violates unique constraint \"wfd_cookbooks_pkey\"","level":"error"}
{"message":"insert into \"wfd_cookbooks\" (\"cookbook_name\", \"cookbook_owner\", \"cookbook_public\") values ($1, $2, $3) returning * - duplicate key value violates unique constraint \"wfd_cookbooks_pkey\"","level":"error"}
{"message":"Cookbook with id 4 created","level":"info"}
{"message":"Cookbook with id 5 created","level":"info"}
{"message":"Cookbook with id 6 created","level":"info"}
{"message":"Cookbook with id 7 created","level":"info"}
{"message":"Recipe with id 1 deleted.","level":"info"}
{"message":"recipe_name is not defined","level":"error"}
{"message":"insert into \"wfd_recipes\" (\"mealDB_id\", \"recipe_category\", \"recipe_cuisine\", \"recipe_id\", \"recipe_ingredient_list\", \"recipe_instructions\", \"recipe_name\", \"recipe_owner\", \"recipe_pic\", \"recipe_public\", \"recipe_source\", \"recipe_tags\", \"recipe_video\", \"tweaked_original_id\") values ($1, $2, $3, $4, $5, $6, $7, $8, $9, $10, $11, $12, $13, $14) returning * - column \"mealDB_id\" of relation \"wfd_recipes\" does not exist","level":"error"}
{"message":"insert into \"wfd_recipes\" (\"mealdb_id\", \"recipe_category\", \"recipe_cuisine\", \"recipe_id\", \"recipe_ingredient_list\", \"recipe_instructions\", \"recipe_name\", \"recipe_owner\", \"recipe_pic\", \"recipe_public\", \"recipe_source\", \"recipe_tags\", \"recipe_video\", \"tweaked_original_id\") values ($1, $2, $3, $4, $5, $6, $7, $8, $9, $10, $11, $12, $13, $14) returning * - invalid input syntax for type integer: \"\"","level":"error"}
{"message":"insert into \"wfd_recipes\" (\"mealdb_id\", \"recipe_category\", \"recipe_cuisine\", \"recipe_id\", \"recipe_ingredient_list\", \"recipe_instructions\", \"recipe_name\", \"recipe_owner\", \"recipe_pic\", \"recipe_public\", \"recipe_source\", \"recipe_tags\", \"recipe_video\", \"tweaked_original_id\") values ($1, $2, $3, $4, $5, $6, $7, $8, $9, $10, $11, $12, $13, $14) returning * - malformed array literal: \"\"","level":"error"}
{"message":"insert into \"wfd_recipes\" (\"mealdb_id\", \"recipe_category\", \"recipe_cuisine\", \"recipe_id\", \"recipe_ingredient_list\", \"recipe_instructions\", \"recipe_name\", \"recipe_owner\", \"recipe_pic\", \"recipe_public\", \"recipe_source\", \"recipe_tags\", \"recipe_video\", \"tweaked_original_id\") values ($1, $2, $3, $4, $5, $6, $7, $8, $9, $10, $11, $12, $13, $14) returning * - malformed array literal: \"\"","level":"error"}
{"message":"insert into \"wfd_recipes\" (\"mealdb_id\", \"recipe_category\", \"recipe_cuisine\", \"recipe_id\", \"recipe_ingredient_list\", \"recipe_instructions\", \"recipe_name\", \"recipe_owner\", \"recipe_pic\", \"recipe_public\", \"recipe_source\", \"recipe_tags\", \"recipe_video\", \"tweaked_original_id\") values ($1, $2, $3, $4, $5, $6, $7, $8, $9, $10, $11, $12, $13, $14) returning * - null value in column \"recipe_id\" of relation \"wfd_recipes\" violates not-null constraint","level":"error"}
{"message":"Recipe with id 11 created","level":"info"}
{"message":"Recipe with id 12 created","level":"info"}
{"message":"Recipe with id 13 created","level":"info"}
{"message":"Recipe with id 14 created","level":"info"}
{"message":"Recipe with id 15 created","level":"info"}
{"message":"Recipe with id 16 created","level":"info"}
{"message":"Recipe with id 1 deleted.","level":"info"}
{"message":"Recipe with id 17 created","level":"info"}
